<?xml version="1.0" encoding="UTF-8"?>
<!-- Generated by org.testng.reporters.JUnitXMLReporter -->
<testsuite ignored="0" hostname="Rakit" failures="0" tests="3" name="Default test" time="78.292" errors="0" timestamp="2023-09-09T20:44:31 IST">
  <testcase classname="excelrProj1.ProfileImage" name="uploadJpgImg" time="7.348"/>
  <testcase classname="excelrProj1.ProfileImage" name="uploadPNGImg" time="7.111"/>
  <testcase classname="excelrProj1.ProfileImage" name="uploadGIFImg" time="7.124"/>
</testsuite> <!-- Default test -->
