<?xml version="1.0" encoding="UTF-8"?>
<!-- Generated by org.testng.reporters.JUnitXMLReporter -->
<testsuite ignored="0" hostname="Rakit" failures="0" tests="4" name="Smoke TestCases" time="21.55" errors="0" timestamp="2023-06-11T21:32:37 IST">
  <testcase classname="testNGFramework.InternetSpeed" name="speed" time="0.126"/>
  <testcase classname="testNGFramework.FaceBookData" name="m1" time="0.287"/>
  <testcase classname="testNGFramework.FaceBookData" name="m1" time="0.305"/>
  <testcase classname="testNGFramework.FaceBookData" name="m1" time="0.256"/>
</testsuite> <!-- Smoke TestCases -->
