<?xml version="1.0" encoding="UTF-8"?>
<!-- Generated by org.testng.reporters.JUnitXMLReporter -->
<testsuite ignored="0" hostname="Rakit" failures="0" tests="8" name="Regression TestCases" time="51.203" errors="0" timestamp="2023-08-05T21:29:55 IST">
  <testcase classname="testNGFramework.FaceBookValidation" name="testcase5" time="2.446"/>
  <testcase classname="testNGFramework.FaceBookValidation" name="testcase2" time="1.292"/>
  <testcase classname="testNGFramework.FaceBookValidation" name="testcase1" time="0.111"/>
  <testcase classname="testNGFramework.FaceBookValidation" name="testcase3" time="2.346"/>
  <testcase classname="testNGFramework.FaceBookValidation" name="testcase4" time="2.291"/>
  <testcase classname="testNGFramework.FaceBookData" name="m1" time="0.188"/>
  <testcase classname="testNGFramework.FaceBookData" name="m1" time="0.204"/>
  <testcase classname="testNGFramework.FaceBookData" name="m1" time="0.22"/>
</testsuite> <!-- Regression TestCases -->
