<?xml version="1.0" encoding="UTF-8"?>
<!-- Generated by org.testng.reporters.JUnitXMLReporter -->
<testsuite ignored="0" hostname="Rakit" failures="0" tests="9" name="Add Employee Personal Test" time="402.759" errors="0" timestamp="2023-09-09T21:02:49 IST">
  <testcase classname="excelrProj1.AddEmp" name="addEmpWithoutCreateLogin" time="24.032"/>
  <testcase classname="excelrProj1.AddEmp" name="addPersonalDetails" time="54.219"/>
  <testcase classname="excelrProj1.AddEmp" name="addAttachment1" time="28.692"/>
  <testcase classname="excelrProj1.AddEmp" name="addAttachment2" time="33.411"/>
  <testcase classname="excelrProj1.AddEmp" name="downloadAttachment" time="30.202"/>
  <testcase classname="excelrProj1.AddEmp" name="editAttachment" time="51.405"/>
  <testcase classname="excelrProj1.AddEmp" name="deleteAttachment" time="25.224"/>
  <testcase classname="excelrProj1.AddEmp" name="deleteAllAttachment" time="30.265"/>
  <testcase classname="excelrProj1.AddEmp" name="addEmpWithCreateLogin" time="75.271"/>
</testsuite> <!-- Add Employee Personal Test -->
