<?xml version="1.0" encoding="UTF-8"?>
<!-- Generated by org.testng.reporters.JUnitXMLReporter -->
<testsuite ignored="0" hostname="Rakit" failures="0" tests="4" name="Immigration Test" time="162.198" errors="0" timestamp="2023-09-09T21:05:31 IST">
  <testcase classname="excelrProj1.AddContactDetails" name="addEmpWithoutCreateLogin" time="18.877"/>
  <testcase classname="excelrProj1.AddContactDetails" name="addContactDetails" time="57.798"/>
  <testcase classname="excelrProj1.AddContactDetails" name="addAttachment1" time="13.447"/>
  <testcase classname="excelrProj1.AddContactDetails" name="addAttachment2" time="13.372"/>
</testsuite> <!-- Immigration Test -->
