<?xml version="1.0" encoding="UTF-8"?>
<!-- Generated by org.testng.reporters.JUnitXMLReporter -->
<testsuite ignored="0" hostname="Rakit" failures="0" tests="3" name="Job Test" time="68.229" errors="0" timestamp="2023-09-09T21:06:40 IST">
  <testcase classname="excelrProj1.ProfileImage" name="uploadJpgImg" time="7.104"/>
  <testcase classname="excelrProj1.ProfileImage" name="uploadPNGImg" time="7.127"/>
  <testcase classname="excelrProj1.ProfileImage" name="uploadGIFImg" time="7.108"/>
</testsuite> <!-- Job Test -->
