<?xml version="1.0" encoding="UTF-8"?>
<!-- Generated by org.testng.reporters.JUnitXMLReporter -->
<testsuite ignored="0" hostname="Rakit" failures="0" tests="4" name="Login Test" time="79.186" errors="0" timestamp="2023-09-09T20:56:06 IST">
  <testcase classname="excelrProj1.LoginTestFile" name="emptyCred" time="12.327"/>
  <testcase classname="excelrProj1.LoginTestFile" name="invalidPassword" time="12.556"/>
  <testcase classname="excelrProj1.LoginTestFile" name="invalidCred" time="14.586"/>
  <testcase classname="excelrProj1.LoginTestFile" name="validCred" time="14.588"/>
</testsuite> <!-- Login Test -->
